Using pre-set license
Built from '2020.3/staging' branch; Version is '2020.3.25f1 (9b9180224418) revision 10195328'; Using compiler version '192528614'; Build Type 'Release'
OS: 'Windows 10  (10.0.19043) 64bit Professional' Language: 'zh' Physical Memory: 3995 MB
BatchMode: 1, IsHumanControllingUs: 0, StartBugReporterOnCrash: 0, Is64bit: 1, IsPro: 0

COMMAND LINE ARGUMENTS:
C:\Program Files\Unity\Hub\Editor\2020.3.25f1\Editor\Unity.exe
-adb2
-batchMode
-noUpm
-name
AssetImportWorker4
-projectPath
C:/Jones/專案/Appedu/Appedu_JRPG
-logFile
Logs/AssetImportWorker4.log
-srvPort
49858
Successfully changed project path to: C:/Jones/專案/Appedu/Appedu_JRPG
C:/Jones/專案/Appedu/Appedu_JRPG
Using Asset Import Pipeline V2.
Refreshing native plugins compatible for Editor in 137.72 ms, found 2 plugins.
Preloading 0 native plugins for Editor in 0.00 ms.
Initialize engine version: 2020.3.25f1 (9b9180224418)
[Subsystems] Discovering subsystems at path C:/Program Files/Unity/Hub/Editor/2020.3.25f1/Editor/Data/Resources/UnitySubsystems
[Subsystems] Discovering subsystems at path C:/Jones/專案/Appedu/Appedu_JRPG/Assets
GfxDevice: creating device client; threaded=0
Direct3D:
    Version:  Direct3D 11.0 [level 10.0]
    Renderer: Intel(R) G41 Express Chipset (Microsoft Corporation - WDDM 1.1) (ID=0x2e32)
    Vendor:   
    VRAM:     128 MB
    Driver:   8.15.10.2702
Initialize mono
Mono path[0] = 'C:/Program Files/Unity/Hub/Editor/2020.3.25f1/Editor/Data/Managed'
Mono path[1] = 'C:/Program Files/Unity/Hub/Editor/2020.3.25f1/Editor/Data/MonoBleedingEdge/lib/mono/unityjit'
Mono config path = 'C:/Program Files/Unity/Hub/Editor/2020.3.25f1/Editor/Data/MonoBleedingEdge/etc'
Using monoOptions --debugger-agent=transport=dt_socket,embedding=1,server=y,suspend=n,address=127.0.0.1:56868
Begin MonoManager ReloadAssembly
Registering precompiled unity dll's ...
Register platform support module: C:/Program Files/Unity/Hub/Editor/2020.3.25f1/Editor/Data/PlaybackEngines/WindowsStandaloneSupport/UnityEditor.WindowsStandalone.Extensions.dll
Registered in 0.015925 seconds.
Native extension for WindowsStandalone target not found
Refreshing native plugins compatible for Editor in 118.09 ms, found 2 plugins.
Preloading 0 native plugins for Editor in 0.00 ms.
Mono: successfully reloaded assembly
- Completed reload, in  2.568 seconds
Domain Reload Profiling:
	ReloadAssembly (2569ms)
		BeginReloadAssembly (209ms)
			ExecutionOrderSort (0ms)
			DisableScriptedObjects (0ms)
			BackupInstance (0ms)
			ReleaseScriptingObjects (0ms)
			CreateAndSetChildDomain (2ms)
		EndReloadAssembly (2026ms)
			LoadAssemblies (204ms)
			RebuildTransferFunctionScriptingTraits (0ms)
			SetupTypeCache (507ms)
			ReleaseScriptCaches (0ms)
			RebuildScriptCaches (109ms)
			SetupLoadedEditorAssemblies (697ms)
				LogAssemblyErrors (0ms)
				InitializePlatformSupportModulesInManaged (14ms)
				SetLoadedEditorAssemblies (1ms)
				RefreshPlugins (118ms)
				BeforeProcessingInitializeOnLoad (56ms)
				ProcessInitializeOnLoadAttributes (315ms)
				ProcessInitializeOnLoadMethodAttributes (193ms)
				AfterProcessingInitializeOnLoad (0ms)
				EditorAssembliesLoaded (1ms)
			ExecutionOrderSort2 (0ms)
			AwakeInstancesAfterBackupRestoration (0ms)
Platform modules already initialized, skipping
Registering precompiled user dll's ...
Registered in 0.141708 seconds.
Begin MonoManager ReloadAssembly
Native extension for WindowsStandalone target not found
Refreshing native plugins compatible for Editor in 1.34 ms, found 2 plugins.
Preloading 0 native plugins for Editor in 0.00 ms.
Mono: successfully reloaded assembly
- Completed reload, in 16.644 seconds
Domain Reload Profiling:
	ReloadAssembly (16657ms)
		BeginReloadAssembly (452ms)
			ExecutionOrderSort (0ms)
			DisableScriptedObjects (20ms)
			BackupInstance (0ms)
			ReleaseScriptingObjects (0ms)
			CreateAndSetChildDomain (53ms)
		EndReloadAssembly (16014ms)
			LoadAssemblies (6043ms)
			RebuildTransferFunctionScriptingTraits (0ms)
			SetupTypeCache (3771ms)
			ReleaseScriptCaches (1ms)
			RebuildScriptCaches (291ms)
			SetupLoadedEditorAssemblies (5405ms)
				LogAssemblyErrors (0ms)
				InitializePlatformSupportModulesInManaged (16ms)
				SetLoadedEditorAssemblies (2ms)
				RefreshPlugins (2ms)
				BeforeProcessingInitializeOnLoad (362ms)
				ProcessInitializeOnLoadAttributes (1362ms)
				ProcessInitializeOnLoadMethodAttributes (3633ms)
				AfterProcessingInitializeOnLoad (28ms)
				EditorAssembliesLoaded (1ms)
			ExecutionOrderSort2 (0ms)
			AwakeInstancesAfterBackupRestoration (24ms)
Platform modules already initialized, skipping
========================================================================
Worker process is ready to serve import requests
Launched and connected shader compiler UnityShaderCompiler.exe after 0.85 seconds
Refreshing native plugins compatible for Editor in 2.12 ms, found 2 plugins.
Preloading 0 native plugins for Editor in 0.00 ms.
Unloading 1529 Unused Serialized files (Serialized files now loaded: 0)
System memory in use before: 72.4 MB.
System memory in use after: 72.4 MB.

Unloading 19 unused Assets to reduce memory usage. Loaded Objects now: 1961.
Total: 8.783100 ms (FindLiveObjects: 0.693000 ms CreateObjectMapping: 0.278400 ms MarkObjects: 7.547100 ms  DeleteObjects: 0.259400 ms)

AssetImportParameters requested are different than current active one (requested -> active):
  custom:framework-win-MediaFoundation: 216162199b28c13a410421893ffa2e32 -> 
  custom:video-decoder-ogg-theora: a1e56fd34408186e4bbccfd4996cb3dc -> 
  custom:container-muxer-webm: aa71ff27fc2769a1b78a27578f13a17b -> 
  custom:container-demuxer-webm: 4f35f7cbe854078d1ac9338744f61a02 -> 
  custom:container-demuxer-ogg: 62fdf1f143b41e24485cea50d1cbac27 -> 
  custom:video-encoder-webm-vp8: eb34c28f22e8b96e1ab97ce403110664 -> 
  custom:video-decoder-webm-vp8: 9c59270c3fd7afecdb556c50c9e8de78 -> 
  custom:audio-decoder-ogg-vorbis: bf7c407c2cedff20999df2af8eb42d56 -> 
  custom:audio-encoder-webm-vorbis: bf7c407c2cedff20999df2af8eb42d56 -> 
========================================================================
Received Import Request.
  path: Assets/AssetStore/Player/ATART/Character/Archer/Animations/Archer@Attack1.FBX
  artifactKey: Guid(768933318cf219149926cdacdda5654d) Importer(815301076,1909f56bfc062723c751e8b465ee728b)
Start importing Assets/AssetStore/Player/ATART/Character/Archer/Animations/Archer@Attack1.FBX using Guid(768933318cf219149926cdacdda5654d) Importer(815301076,1909f56bfc062723c751e8b465ee728b)  -> (artifact id: '98e4cda167c1d1511a5aca9aa4dfaf5b') in 1.878231 seconds 
  Import took 1.976676 seconds .

========================================================================
Received Import Request.
  Time since last request: 0.000634 seconds.
  path: Assets/AssetStore/Empty/Monsters Ultimate Pack 01 Cute Series/Bat Cute Series/FBX/Bat@Bite Attack.FBX
  artifactKey: Guid(72dc849f01da5b64bb5efb895b3c852f) Importer(815301076,1909f56bfc062723c751e8b465ee728b)
Start importing Assets/AssetStore/Empty/Monsters Ultimate Pack 01 Cute Series/Bat Cute Series/FBX/Bat@Bite Attack.FBX using Guid(72dc849f01da5b64bb5efb895b3c852f) Importer(815301076,1909f56bfc062723c751e8b465ee728b)  -> (artifact id: '33876d605791ea853226d11c910f269a') in 0.787843 seconds 
  Import took 0.861321 seconds .

========================================================================
Received Import Request.
  Time since last request: 0.001082 seconds.
  path: Assets/TextMesh Pro/Shaders/TMP_Bitmap-Custom-Atlas.shader
  artifactKey: Guid(48bb5f55d8670e349b6e614913f9d910) Importer(815301076,1909f56bfc062723c751e8b465ee728b)
Start importing Assets/TextMesh Pro/Shaders/TMP_Bitmap-Custom-Atlas.shader using Guid(48bb5f55d8670e349b6e614913f9d910) Importer(815301076,1909f56bfc062723c751e8b465ee728b)  -> (artifact id: '723f8af894917f3385d683c7fb44a196') in 0.059598 seconds 
  Import took 0.110070 seconds .

========================================================================
Received Import Request.
  Time since last request: 0.000606 seconds.
  path: Assets/AssetStore/Empty/Monsters Ultimate Pack 01 Cute Series/Bat Cute Series/FBX/Bat@Fly Forward In Place.FBX
  artifactKey: Guid(cbda10e606ef94d4896d33b5a04a5c87) Importer(815301076,1909f56bfc062723c751e8b465ee728b)
Start importing Assets/AssetStore/Empty/Monsters Ultimate Pack 01 Cute Series/Bat Cute Series/FBX/Bat@Fly Forward In Place.FBX using Guid(cbda10e606ef94d4896d33b5a04a5c87) Importer(815301076,1909f56bfc062723c751e8b465ee728b)  -> (artifact id: 'cb099207db829eb8bf577fe02aa53a61') in 0.591780 seconds 
  Import took 0.600765 seconds .

========================================================================
Received Import Request.
  Time since last request: 0.000621 seconds.
  path: Assets/AssetStore/Empty/Monsters Ultimate Pack 01 Cute Series/Bat Cute Series/FBX/Bat.FBX
  artifactKey: Guid(7d54c7374fa611346bbfbe7f39f1508e) Importer(815301076,1909f56bfc062723c751e8b465ee728b)
Start importing Assets/AssetStore/Empty/Monsters Ultimate Pack 01 Cute Series/Bat Cute Series/FBX/Bat.FBX using Guid(7d54c7374fa611346bbfbe7f39f1508e) Importer(815301076,1909f56bfc062723c751e8b465ee728b)  -> (artifact id: '3d42294d4ca42c132c7dec6cc526ece0') in 0.338015 seconds 
  Import took 0.380132 seconds .

========================================================================
Received Import Request.
  Time since last request: 0.002480 seconds.
  path: Assets/AssetStore/Empty/Monsters Ultimate Pack 01 Cute Series/Bat Cute Series/FBX
  artifactKey: Guid(53bc0958b8ecc354989f6f64c2b4c41c) Importer(815301076,1909f56bfc062723c751e8b465ee728b)
Start importing Assets/AssetStore/Empty/Monsters Ultimate Pack 01 Cute Series/Bat Cute Series/FBX using Guid(53bc0958b8ecc354989f6f64c2b4c41c) Importer(815301076,1909f56bfc062723c751e8b465ee728b)  -> (artifact id: '8deb9afd257ee52116ab492c5b4a6549') in 0.067674 seconds 
  Import took 0.103953 seconds .

========================================================================
Received Import Request.
  Time since last request: 0.001603 seconds.
  path: Assets/AssetStore/Player/ATART/Character/Archer/Animations/Archer.mask
  artifactKey: Guid(f4ece01776332ed42ae0eba69a928c0f) Importer(815301076,1909f56bfc062723c751e8b465ee728b)
Start importing Assets/AssetStore/Player/ATART/Character/Archer/Animations/Archer.mask using Guid(f4ece01776332ed42ae0eba69a928c0f) Importer(815301076,1909f56bfc062723c751e8b465ee728b)  -> (artifact id: 'b48fa141186c9e84c38970098b9f1fa0') in 0.030807 seconds 
  Import took 0.045210 seconds .

========================================================================
Received Import Request.
  Time since last request: 0.001485 seconds.
  path: Assets/AssetStore/Empty/Monsters Ultimate Pack 01 Cute Series/Bat Cute Series/Materials
  artifactKey: Guid(7b6cd4b9bf1551d4891cad4fbe3dd47a) Importer(815301076,1909f56bfc062723c751e8b465ee728b)
Start importing Assets/AssetStore/Empty/Monsters Ultimate Pack 01 Cute Series/Bat Cute Series/Materials using Guid(7b6cd4b9bf1551d4891cad4fbe3dd47a) Importer(815301076,1909f56bfc062723c751e8b465ee728b)  -> (artifact id: 'c2d6a1ddd4d60a68d85a9d55b6129151') in 0.026928 seconds 
  Import took 0.056153 seconds .

========================================================================
Received Import Request.
  Time since last request: 0.000558 seconds.
  path: Assets/AssetStore/Empty/Monsters Ultimate Pack 01 Cute Series/Bat Cute Series/FBX/Bat@Die.FBX
  artifactKey: Guid(5279ffa0241322d4f9e5ce114ef07687) Importer(815301076,1909f56bfc062723c751e8b465ee728b)
Start importing Assets/AssetStore/Empty/Monsters Ultimate Pack 01 Cute Series/Bat Cute Series/FBX/Bat@Die.FBX using Guid(5279ffa0241322d4f9e5ce114ef07687) Importer(815301076,1909f56bfc062723c751e8b465ee728b)  -> (artifact id: '9dea42d7bdf6cf0bf00c95749a7bb3ce') in 0.553514 seconds 
  Import took 0.592581 seconds .

========================================================================
Received Import Request.
  Time since last request: 0.000614 seconds.
  path: Assets/TextMesh Pro/Shaders/TMP_Bitmap.shader
  artifactKey: Guid(128e987d567d4e2c824d754223b3f3b0) Importer(815301076,1909f56bfc062723c751e8b465ee728b)
Start importing Assets/TextMesh Pro/Shaders/TMP_Bitmap.shader using Guid(128e987d567d4e2c824d754223b3f3b0) Importer(815301076,1909f56bfc062723c751e8b465ee728b)  -> (artifact id: '88e8cbe1d42cdeb0a3d7b5fe19e784de') in 0.060335 seconds 
  Import took 0.076757 seconds .

========================================================================
Received Import Request.
  Time since last request: 0.001206 seconds.
  path: Assets/AssetStore/Empty/Monsters Ultimate Pack 01 Cute Series/Bat Cute Series/FBX/Bat@Idle.FBX
  artifactKey: Guid(5ac00d3df3341eb4cb96d7fc548cfdd2) Importer(815301076,1909f56bfc062723c751e8b465ee728b)
Start importing Assets/AssetStore/Empty/Monsters Ultimate Pack 01 Cute Series/Bat Cute Series/FBX/Bat@Idle.FBX using Guid(5ac00d3df3341eb4cb96d7fc548cfdd2) Importer(815301076,1909f56bfc062723c751e8b465ee728b)  -> (artifact id: '9d9487ebfab43025c1ec785c53bb4f7b') in 0.468664 seconds 
  Import took 0.487561 seconds .

========================================================================
Received Import Request.
  Time since last request: 1774.541107 seconds.
  path: Assets/AssetStore/Player/ATART/Character
  artifactKey: Guid(c240d83390a91f3419886b9da0cbd831) Importer(815301076,1909f56bfc062723c751e8b465ee728b)
Start importing Assets/AssetStore/Player/ATART/Character using Guid(c240d83390a91f3419886b9da0cbd831) Importer(815301076,1909f56bfc062723c751e8b465ee728b)  -> (artifact id: '4f6ed81175e5e921627de835628d06a2') in 0.167510 seconds 
  Import took 0.223849 seconds .

========================================================================
Received Import Request.
  Time since last request: 15.454395 seconds.
  path: Assets/AssetStore/Player/ATART/Public
  artifactKey: Guid(4f18b21afc75d5a4b951b28099eeb17e) Importer(815301076,1909f56bfc062723c751e8b465ee728b)
Start importing Assets/AssetStore/Player/ATART/Public using Guid(4f18b21afc75d5a4b951b28099eeb17e) Importer(815301076,1909f56bfc062723c751e8b465ee728b)  -> (artifact id: 'cb79aea9086db228ab89ab5d0cac4091') in 0.139277 seconds 
  Import took 0.154697 seconds .

